ISim log file
Running: C:\Users\Santiago\Documents\ISE DESIGN\relojV3\reloj_isim_beh.exe -intstyle ise -gui -tclbatch isim.cmd -wdb C:/Users/Santiago/Documents/ISE DESIGN/relojV3/reloj_isim_beh.wdb 
INFO: There is another simulation running in the same directory. Using database file name isim1.wdb.
ISim P.20131013 (signature 0x7708f090)
WARNING: A WEBPACK license was found.
WARNING: Please use Xilinx License Configuration Manager to check out a full ISim license.
WARNING: ISim will run in Lite mode. Please refer to the ISim documentation for more information on the differences between the Lite and the Full version.
This is a Lite version of ISim.
Time resolution is 1 ps
# onerror resume
# wave add /
# run 1000 ns
Simulator is doing circuit initialization process.
at 0 ps, Instance /reloj/ : Warning: NUMERIC_STD.TO_INTEGER: metavalue detected, returning 0
at 0 ps, Instance /reloj/ : Warning: NUMERIC_STD.TO_INTEGER: metavalue detected, returning 0
at 0 ps, Instance /reloj/ : Warning: NUMERIC_STD.TO_INTEGER: metavalue detected, returning 0
at 0 ps, Instance /reloj/ : Warning: NUMERIC_STD.TO_INTEGER: metavalue detected, returning 0
Finished circuit initialization process.
at 0 ps, Instance /reloj/ : Warning: NUMERIC_STD.TO_INTEGER: metavalue detected, returning 0
at 0 ps, Instance /reloj/ : Warning: NUMERIC_STD.TO_INTEGER: metavalue detected, returning 0
# isim force add /reloj/clk 1 -radix bin -value 0 -radix bin -time 500 ns -repeat 1 us
# isim force add /reloj/clk 1 -radix bin -value 0 -radix bin -time 500 ns -repeat 1 us
# run 1.00us
at 2 us(1), Instance /reloj/ : Warning: NUMERIC_STD."=": metavalue detected, returning FALSE
at 2 us(2), Instance /reloj/ : Warning: NUMERIC_STD.TO_INTEGER: metavalue detected, returning 0
at 2 us(2), Instance /reloj/ : Warning: NUMERIC_STD.TO_INTEGER: metavalue detected, returning 0
at 2 us(2), Instance /reloj/ : Warning: NUMERIC_STD.TO_INTEGER: metavalue detected, returning 0
# run 1.00us
at 3 us(1), Instance /reloj/ : Warning: NUMERIC_STD."=": metavalue detected, returning FALSE
# run 1.00us
at 4 us(1), Instance /reloj/ : Warning: NUMERIC_STD."=": metavalue detected, returning FALSE
# run 1.00us
at 5 us(1), Instance /reloj/ : Warning: NUMERIC_STD."=": metavalue detected, returning FALSE
# run 1.00us
at 6 us(1), Instance /reloj/ : Warning: NUMERIC_STD."=": metavalue detected, returning FALSE
# run 1.00us
at 7 us(1), Instance /reloj/ : Warning: NUMERIC_STD."=": metavalue detected, returning FALSE
# run 1.00us
at 8 us(1), Instance /reloj/ : Warning: NUMERIC_STD."=": metavalue detected, returning FALSE
# run 1.00us
at 9 us(1), Instance /reloj/ : Warning: NUMERIC_STD."=": metavalue detected, returning FALSE
# run 1.00us
at 10 us(1), Instance /reloj/ : Warning: NUMERIC_STD."=": metavalue detected, returning FALSE
# run 1.00us
at 11 us(1), Instance /reloj/ : Warning: NUMERIC_STD."=": metavalue detected, returning FALSE
# run 1.00us
at 12 us(1), Instance /reloj/ : Warning: NUMERIC_STD."=": metavalue detected, returning FALSE
